{"/mnt/c/Users/Wendy/volunteer-app/volunteer-app/backend/src/db.ts": {"path":"/mnt/c/Users/Wendy/volunteer-app/volunteer-app/backend/src/db.ts","statementMap":{"0":{"start":{"line":2,"column":22},"end":{"line":2,"column":null}}},"fnMap":{},"branchMap":{},"s":{"0":2},"f":{},"b":{},"meta":{"lastBranch":0,"lastFunction":0,"lastStatement":1,"seen":{"s:2:22:2:Infinity":0}}}
,"/mnt/c/Users/Wendy/volunteer-app/volunteer-app/backend/src/index.ts": {"path":"/mnt/c/Users/Wendy/volunteer-app/volunteer-app/backend/src/index.ts","statementMap":{"0":{"start":{"line":5,"column":0},"end":{"line":5,"column":null}},"1":{"start":{"line":6,"column":6},"end":{"line":6,"column":null}},"2":{"start":{"line":8,"column":0},"end":{"line":8,"column":null}},"3":{"start":{"line":9,"column":0},"end":{"line":9,"column":null}},"4":{"start":{"line":9,"column":38},"end":{"line":9,"column":60}},"5":{"start":{"line":10,"column":0},"end":{"line":10,"column":null}},"6":{"start":{"line":12,"column":13},"end":{"line":12,"column":null}},"7":{"start":{"line":14,"column":0},"end":{"line":18,"column":null}},"8":{"start":{"line":15,"column":2},"end":{"line":17,"column":null}},"9":{"start":{"line":16,"column":4},"end":{"line":16,"column":null}}},"fnMap":{"0":{"name":"(anonymous_0)","decl":{"start":{"line":9,"column":23},"end":{"line":9,"column":24}},"loc":{"start":{"line":9,"column":38},"end":{"line":9,"column":60}},"line":9},"1":{"name":"(anonymous_1)","decl":{"start":{"line":15,"column":19},"end":{"line":15,"column":25}},"loc":{"start":{"line":15,"column":25},"end":{"line":17,"column":3}},"line":15}},"branchMap":{"0":{"loc":{"start":{"line":12,"column":13},"end":{"line":12,"column":null}},"type":"binary-expr","locations":[{"start":{"line":12,"column":13},"end":{"line":12,"column":33}},{"start":{"line":12,"column":33},"end":{"line":12,"column":null}}],"line":12},"1":{"loc":{"start":{"line":14,"column":0},"end":{"line":18,"column":null}},"type":"if","locations":[{"start":{"line":14,"column":0},"end":{"line":18,"column":null}},{"start":{},"end":{}}],"line":14}},"s":{"0":1,"1":1,"2":1,"3":1,"4":0,"5":1,"6":1,"7":1,"8":0,"9":0},"f":{"0":0,"1":0},"b":{"0":[1,1],"1":[0,1]},"meta":{"lastBranch":2,"lastFunction":2,"lastStatement":10,"seen":{"s:5:0:5:Infinity":0,"s:6:6:6:Infinity":1,"s:8:0:8:Infinity":2,"s:9:0:9:Infinity":3,"f:9:23:9:24":0,"s:9:38:9:60":4,"s:10:0:10:Infinity":5,"s:12:13:12:Infinity":6,"b:12:13:12:33:12:33:12:Infinity":0,"b:14:0:18:Infinity:undefined:undefined:undefined:undefined":1,"s:14:0:18:Infinity":7,"s:15:2:17:Infinity":8,"f:15:19:15:25":1,"s:16:4:16:Infinity":9}}}
,"/mnt/c/Users/Wendy/volunteer-app/volunteer-app/backend/src/routes.ts": {"path":"/mnt/c/Users/Wendy/volunteer-app/volunteer-app/backend/src/routes.ts","statementMap":{"0":{"start":{"line":12,"column":6},"end":{"line":12,"column":null}},"1":{"start":{"line":13,"column":19},"end":{"line":13,"column":null}},"2":{"start":{"line":16,"column":8},"end":{"line":16,"column":null}},"3":{"start":{"line":17,"column":2},"end":{"line":17,"column":null}},"4":{"start":{"line":17,"column":14},"end":{"line":17,"column":null}},"5":{"start":{"line":19,"column":2},"end":{"line":25,"column":null}},"6":{"start":{"line":20,"column":20},"end":{"line":20,"column":null}},"7":{"start":{"line":21,"column":4},"end":{"line":21,"column":null}},"8":{"start":{"line":22,"column":4},"end":{"line":22,"column":null}},"9":{"start":{"line":24,"column":4},"end":{"line":24,"column":null}},"10":{"start":{"line":28,"column":0},"end":{"line":48,"column":null}},"11":{"start":{"line":29,"column":17},"end":{"line":29,"column":null}},"12":{"start":{"line":30,"column":2},"end":{"line":30,"column":null}},"13":{"start":{"line":30,"column":23},"end":{"line":30,"column":null}},"14":{"start":{"line":32,"column":36},"end":{"line":32,"column":null}},"15":{"start":{"line":34,"column":19},"end":{"line":34,"column":null}},"16":{"start":{"line":35,"column":2},"end":{"line":35,"column":null}},"17":{"start":{"line":35,"column":16},"end":{"line":35,"column":null}},"18":{"start":{"line":37,"column":15},"end":{"line":37,"column":null}},"19":{"start":{"line":39,"column":15},"end":{"line":41,"column":null}},"20":{"start":{"line":43,"column":16},"end":{"line":45,"column":null}},"21":{"start":{"line":47,"column":2},"end":{"line":47,"column":null}},"22":{"start":{"line":50,"column":0},"end":{"line":67,"column":null}},"23":{"start":{"line":51,"column":17},"end":{"line":51,"column":null}},"24":{"start":{"line":52,"column":2},"end":{"line":52,"column":null}},"25":{"start":{"line":52,"column":23},"end":{"line":52,"column":null}},"26":{"start":{"line":54,"column":30},"end":{"line":54,"column":null}},"27":{"start":{"line":56,"column":15},"end":{"line":56,"column":null}},"28":{"start":{"line":57,"column":2},"end":{"line":57,"column":null}},"29":{"start":{"line":57,"column":13},"end":{"line":57,"column":null}},"30":{"start":{"line":59,"column":16},"end":{"line":59,"column":null}},"31":{"start":{"line":60,"column":2},"end":{"line":60,"column":null}},"32":{"start":{"line":60,"column":14},"end":{"line":60,"column":null}},"33":{"start":{"line":62,"column":16},"end":{"line":64,"column":null}},"34":{"start":{"line":66,"column":2},"end":{"line":66,"column":null}},"35":{"start":{"line":69,"column":0},"end":{"line":74,"column":null}},"36":{"start":{"line":70,"column":18},"end":{"line":72,"column":null}},"37":{"start":{"line":73,"column":2},"end":{"line":73,"column":null}},"38":{"start":{"line":76,"column":0},"end":{"line":89,"column":null}},"39":{"start":{"line":77,"column":17},"end":{"line":77,"column":null}},"40":{"start":{"line":78,"column":2},"end":{"line":78,"column":null}},"41":{"start":{"line":78,"column":23},"end":{"line":78,"column":null}},"42":{"start":{"line":80,"column":15},"end":{"line":80,"column":null}},"43":{"start":{"line":82,"column":18},"end":{"line":86,"column":null}},"44":{"start":{"line":88,"column":2},"end":{"line":88,"column":null}},"45":{"start":{"line":91,"column":0},"end":{"line":94,"column":null}},"46":{"start":{"line":92,"column":16},"end":{"line":92,"column":null}},"47":{"start":{"line":93,"column":2},"end":{"line":93,"column":null}},"48":{"start":{"line":96,"column":0},"end":{"line":102,"column":null}},"49":{"start":{"line":97,"column":17},"end":{"line":97,"column":null}},"50":{"start":{"line":98,"column":2},"end":{"line":98,"column":null}},"51":{"start":{"line":98,"column":23},"end":{"line":98,"column":null}},"52":{"start":{"line":100,"column":16},"end":{"line":100,"column":null}},"53":{"start":{"line":101,"column":2},"end":{"line":101,"column":null}},"54":{"start":{"line":104,"column":0},"end":{"line":111,"column":null}},"55":{"start":{"line":105,"column":16},"end":{"line":109,"column":null}},"56":{"start":{"line":110,"column":2},"end":{"line":110,"column":null}},"57":{"start":{"line":113,"column":0},"end":{"line":119,"column":null}},"58":{"start":{"line":114,"column":17},"end":{"line":114,"column":null}},"59":{"start":{"line":115,"column":2},"end":{"line":115,"column":null}},"60":{"start":{"line":115,"column":23},"end":{"line":115,"column":null}},"61":{"start":{"line":117,"column":17},"end":{"line":117,"column":null}},"62":{"start":{"line":118,"column":2},"end":{"line":118,"column":null}}},"fnMap":{"0":{"name":"requireAuth","decl":{"start":{"line":15,"column":9},"end":{"line":15,"column":21}},"loc":{"start":{"line":15,"column":52},"end":{"line":26,"column":null}},"line":15},"1":{"name":"(anonymous_1)","decl":{"start":{"line":28,"column":30},"end":{"line":28,"column":37}},"loc":{"start":{"line":28,"column":50},"end":{"line":48,"column":1}},"line":28},"2":{"name":"(anonymous_2)","decl":{"start":{"line":50,"column":27},"end":{"line":50,"column":34}},"loc":{"start":{"line":50,"column":47},"end":{"line":67,"column":1}},"line":50},"3":{"name":"(anonymous_3)","decl":{"start":{"line":69,"column":39},"end":{"line":69,"column":46}},"loc":{"start":{"line":69,"column":64},"end":{"line":74,"column":1}},"line":69},"4":{"name":"(anonymous_4)","decl":{"start":{"line":76,"column":40},"end":{"line":76,"column":47}},"loc":{"start":{"line":76,"column":65},"end":{"line":89,"column":1}},"line":76},"5":{"name":"(anonymous_5)","decl":{"start":{"line":91,"column":22},"end":{"line":91,"column":29}},"loc":{"start":{"line":91,"column":43},"end":{"line":94,"column":1}},"line":91},"6":{"name":"(anonymous_6)","decl":{"start":{"line":96,"column":36},"end":{"line":96,"column":43}},"loc":{"start":{"line":96,"column":56},"end":{"line":102,"column":1}},"line":96},"7":{"name":"(anonymous_7)","decl":{"start":{"line":104,"column":39},"end":{"line":104,"column":46}},"loc":{"start":{"line":104,"column":64},"end":{"line":111,"column":1}},"line":104},"8":{"name":"(anonymous_8)","decl":{"start":{"line":113,"column":40},"end":{"line":113,"column":47}},"loc":{"start":{"line":113,"column":65},"end":{"line":119,"column":1}},"line":113}},"branchMap":{"0":{"loc":{"start":{"line":13,"column":19},"end":{"line":13,"column":null}},"type":"binary-expr","locations":[{"start":{"line":13,"column":19},"end":{"line":13,"column":45}},{"start":{"line":13,"column":45},"end":{"line":13,"column":null}}],"line":13},"1":{"loc":{"start":{"line":16,"column":17},"end":{"line":16,"column":50}},"type":"binary-expr","locations":[{"start":{"line":16,"column":17},"end":{"line":16,"column":46}},{"start":{"line":16,"column":46},"end":{"line":16,"column":50}}],"line":16},"2":{"loc":{"start":{"line":17,"column":2},"end":{"line":17,"column":null}},"type":"if","locations":[{"start":{"line":17,"column":2},"end":{"line":17,"column":null}},{"start":{},"end":{}}],"line":17},"3":{"loc":{"start":{"line":30,"column":2},"end":{"line":30,"column":null}},"type":"if","locations":[{"start":{"line":30,"column":2},"end":{"line":30,"column":null}},{"start":{},"end":{}}],"line":30},"4":{"loc":{"start":{"line":35,"column":2},"end":{"line":35,"column":null}},"type":"if","locations":[{"start":{"line":35,"column":2},"end":{"line":35,"column":null}},{"start":{},"end":{}}],"line":35},"5":{"loc":{"start":{"line":52,"column":2},"end":{"line":52,"column":null}},"type":"if","locations":[{"start":{"line":52,"column":2},"end":{"line":52,"column":null}},{"start":{},"end":{}}],"line":52},"6":{"loc":{"start":{"line":57,"column":2},"end":{"line":57,"column":null}},"type":"if","locations":[{"start":{"line":57,"column":2},"end":{"line":57,"column":null}},{"start":{},"end":{}}],"line":57},"7":{"loc":{"start":{"line":60,"column":2},"end":{"line":60,"column":null}},"type":"if","locations":[{"start":{"line":60,"column":2},"end":{"line":60,"column":null}},{"start":{},"end":{}}],"line":60},"8":{"loc":{"start":{"line":78,"column":2},"end":{"line":78,"column":null}},"type":"if","locations":[{"start":{"line":78,"column":2},"end":{"line":78,"column":null}},{"start":{},"end":{}}],"line":78},"9":{"loc":{"start":{"line":98,"column":2},"end":{"line":98,"column":null}},"type":"if","locations":[{"start":{"line":98,"column":2},"end":{"line":98,"column":null}},{"start":{},"end":{}}],"line":98},"10":{"loc":{"start":{"line":115,"column":2},"end":{"line":115,"column":null}},"type":"if","locations":[{"start":{"line":115,"column":2},"end":{"line":115,"column":null}},{"start":{},"end":{}}],"line":115}},"s":{"0":2,"1":2,"2":0,"3":0,"4":0,"5":0,"6":0,"7":0,"8":0,"9":0,"10":2,"11":2,"12":2,"13":0,"14":2,"15":2,"16":2,"17":1,"18":1,"19":1,"20":1,"21":1,"22":2,"23":2,"24":2,"25":0,"26":2,"27":2,"28":2,"29":0,"30":2,"31":2,"32":1,"33":1,"34":1,"35":2,"36":0,"37":0,"38":2,"39":0,"40":0,"41":0,"42":0,"43":0,"44":0,"45":2,"46":0,"47":0,"48":2,"49":0,"50":0,"51":0,"52":0,"53":0,"54":2,"55":0,"56":0,"57":2,"58":0,"59":0,"60":0,"61":0,"62":0},"f":{"0":0,"1":2,"2":2,"3":0,"4":0,"5":0,"6":0,"7":0,"8":0},"b":{"0":[2,0],"1":[0,0],"2":[0,0],"3":[0,2],"4":[1,1],"5":[0,2],"6":[0,2],"7":[1,1],"8":[0,0],"9":[0,0],"10":[0,0]},"meta":{"lastBranch":11,"lastFunction":9,"lastStatement":63,"seen":{"s:12:6:12:Infinity":0,"s:13:19:13:Infinity":1,"b:13:19:13:45:13:45:13:Infinity":0,"f:15:9:15:21":0,"s:16:8:16:Infinity":2,"b:16:17:16:46:16:46:16:50":1,"b:17:2:17:Infinity:undefined:undefined:undefined:undefined":2,"s:17:2:17:Infinity":3,"s:17:14:17:Infinity":4,"s:19:2:25:Infinity":5,"s:20:20:20:Infinity":6,"s:21:4:21:Infinity":7,"s:22:4:22:Infinity":8,"s:24:4:24:Infinity":9,"s:28:0:48:Infinity":10,"f:28:30:28:37":1,"s:29:17:29:Infinity":11,"b:30:2:30:Infinity:undefined:undefined:undefined:undefined":3,"s:30:2:30:Infinity":12,"s:30:23:30:Infinity":13,"s:32:36:32:Infinity":14,"s:34:19:34:Infinity":15,"b:35:2:35:Infinity:undefined:undefined:undefined:undefined":4,"s:35:2:35:Infinity":16,"s:35:16:35:Infinity":17,"s:37:15:37:Infinity":18,"s:39:15:41:Infinity":19,"s:43:16:45:Infinity":20,"s:47:2:47:Infinity":21,"s:50:0:67:Infinity":22,"f:50:27:50:34":2,"s:51:17:51:Infinity":23,"b:52:2:52:Infinity:undefined:undefined:undefined:undefined":5,"s:52:2:52:Infinity":24,"s:52:23:52:Infinity":25,"s:54:30:54:Infinity":26,"s:56:15:56:Infinity":27,"b:57:2:57:Infinity:undefined:undefined:undefined:undefined":6,"s:57:2:57:Infinity":28,"s:57:13:57:Infinity":29,"s:59:16:59:Infinity":30,"b:60:2:60:Infinity:undefined:undefined:undefined:undefined":7,"s:60:2:60:Infinity":31,"s:60:14:60:Infinity":32,"s:62:16:64:Infinity":33,"s:66:2:66:Infinity":34,"s:69:0:74:Infinity":35,"f:69:39:69:46":3,"s:70:18:72:Infinity":36,"s:73:2:73:Infinity":37,"s:76:0:89:Infinity":38,"f:76:40:76:47":4,"s:77:17:77:Infinity":39,"b:78:2:78:Infinity:undefined:undefined:undefined:undefined":8,"s:78:2:78:Infinity":40,"s:78:23:78:Infinity":41,"s:80:15:80:Infinity":42,"s:82:18:86:Infinity":43,"s:88:2:88:Infinity":44,"s:91:0:94:Infinity":45,"f:91:22:91:29":5,"s:92:16:92:Infinity":46,"s:93:2:93:Infinity":47,"s:96:0:102:Infinity":48,"f:96:36:96:43":6,"s:97:17:97:Infinity":49,"b:98:2:98:Infinity:undefined:undefined:undefined:undefined":9,"s:98:2:98:Infinity":50,"s:98:23:98:Infinity":51,"s:100:16:100:Infinity":52,"s:101:2:101:Infinity":53,"s:104:0:111:Infinity":54,"f:104:39:104:46":7,"s:105:16:109:Infinity":55,"s:110:2:110:Infinity":56,"s:113:0:119:Infinity":57,"f:113:40:113:47":8,"s:114:17:114:Infinity":58,"b:115:2:115:Infinity:undefined:undefined:undefined:undefined":10,"s:115:2:115:Infinity":59,"s:115:23:115:Infinity":60,"s:117:17:117:Infinity":61,"s:118:2:118:Infinity":62}}}
,"/mnt/c/Users/Wendy/volunteer-app/volunteer-app/backend/src/validation.ts": {"path":"/mnt/c/Users/Wendy/volunteer-app/volunteer-app/backend/src/validation.ts","statementMap":{"0":{"start":{"line":3,"column":33},"end":{"line":7,"column":null}},"1":{"start":{"line":9,"column":29},"end":{"line":17,"column":null}},"2":{"start":{"line":19,"column":27},"end":{"line":21,"column":null}},"3":{"start":{"line":23,"column":27},"end":{"line":29,"column":null}},"4":{"start":{"line":31,"column":38},"end":{"line":36,"column":null}}},"fnMap":{},"branchMap":{},"s":{"0":2,"1":2,"2":2,"3":2,"4":2},"f":{},"b":{},"meta":{"lastBranch":0,"lastFunction":0,"lastStatement":5,"seen":{"s:3:33:7:Infinity":0,"s:9:29:17:Infinity":1,"s:19:27:21:Infinity":2,"s:23:27:29:Infinity":3,"s:31:38:36:Infinity":4}}}
}
