{"C:\\Users\\Wendy\\volunteer-app\\volunteer-app\\backend\\src\\db.ts": {"path":"C:\\Users\\Wendy\\volunteer-app\\volunteer-app\\backend\\src\\db.ts","statementMap":{"0":{"start":{"line":2,"column":22},"end":{"line":2,"column":null}}},"fnMap":{},"branchMap":{},"s":{"0":3},"f":{},"b":{},"meta":{"lastBranch":0,"lastFunction":0,"lastStatement":1,"seen":{"s:2:22:2:Infinity":0}}}
,"C:\\Users\\Wendy\\volunteer-app\\volunteer-app\\backend\\src\\index.ts": {"path":"C:\\Users\\Wendy\\volunteer-app\\volunteer-app\\backend\\src\\index.ts","statementMap":{"0":{"start":{"line":12,"column":6},"end":{"line":12,"column":null}},"1":{"start":{"line":14,"column":0},"end":{"line":14,"column":null}},"2":{"start":{"line":15,"column":0},"end":{"line":15,"column":null}},"3":{"start":{"line":17,"column":0},"end":{"line":17,"column":null}},"4":{"start":{"line":19,"column":0},"end":{"line":19,"column":null}},"5":{"start":{"line":20,"column":0},"end":{"line":20,"column":null}},"6":{"start":{"line":21,"column":0},"end":{"line":21,"column":null}},"7":{"start":{"line":22,"column":0},"end":{"line":22,"column":null}},"8":{"start":{"line":23,"column":0},"end":{"line":23,"column":null}},"9":{"start":{"line":24,"column":0},"end":{"line":24,"column":null}},"10":{"start":{"line":28,"column":0},"end":{"line":32,"column":null}},"11":{"start":{"line":29,"column":2},"end":{"line":31,"column":null}},"12":{"start":{"line":30,"column":4},"end":{"line":30,"column":null}}},"fnMap":{"0":{"name":"(anonymous_0)","decl":{"start":{"line":29,"column":19},"end":{"line":29,"column":25}},"loc":{"start":{"line":29,"column":25},"end":{"line":31,"column":3}},"line":29}},"branchMap":{"0":{"loc":{"start":{"line":28,"column":0},"end":{"line":32,"column":null}},"type":"if","locations":[{"start":{"line":28,"column":0},"end":{"line":32,"column":null}},{"start":{},"end":{}}],"line":28}},"s":{"0":3,"1":3,"2":3,"3":3,"4":3,"5":3,"6":3,"7":3,"8":3,"9":3,"10":3,"11":0,"12":0},"f":{"0":0},"b":{"0":[0,3]},"meta":{"lastBranch":1,"lastFunction":1,"lastStatement":13,"seen":{"s:12:6:12:Infinity":0,"s:14:0:14:Infinity":1,"s:15:0:15:Infinity":2,"s:17:0:17:Infinity":3,"s:19:0:19:Infinity":4,"s:20:0:20:Infinity":5,"s:21:0:21:Infinity":6,"s:22:0:22:Infinity":7,"s:23:0:23:Infinity":8,"s:24:0:24:Infinity":9,"b:28:0:32:Infinity:undefined:undefined:undefined:undefined":0,"s:28:0:32:Infinity":10,"s:29:2:31:Infinity":11,"f:29:19:29:25":0,"s:30:4:30:Infinity":12}}}
,"C:\\Users\\Wendy\\volunteer-app\\volunteer-app\\backend\\src\\routes\\auth.ts": {"path":"C:\\Users\\Wendy\\volunteer-app\\volunteer-app\\backend\\src\\routes\\auth.ts","statementMap":{"0":{"start":{"line":6,"column":6},"end":{"line":6,"column":null}},"1":{"start":{"line":9,"column":0},"end":{"line":25,"column":null}},"2":{"start":{"line":10,"column":30},"end":{"line":10,"column":null}},"3":{"start":{"line":12,"column":2},"end":{"line":13,"column":null}},"4":{"start":{"line":13,"column":4},"end":{"line":13,"column":null}},"5":{"start":{"line":15,"column":19},"end":{"line":15,"column":null}},"6":{"start":{"line":16,"column":2},"end":{"line":16,"column":null}},"7":{"start":{"line":16,"column":16},"end":{"line":16,"column":null}},"8":{"start":{"line":18,"column":24},"end":{"line":18,"column":null}},"9":{"start":{"line":20,"column":18},"end":{"line":22,"column":null}},"10":{"start":{"line":24,"column":2},"end":{"line":24,"column":null}},"11":{"start":{"line":28,"column":0},"end":{"line":44,"column":null}},"12":{"start":{"line":29,"column":30},"end":{"line":29,"column":null}},"13":{"start":{"line":31,"column":2},"end":{"line":32,"column":null}},"14":{"start":{"line":32,"column":4},"end":{"line":32,"column":null}},"15":{"start":{"line":34,"column":19},"end":{"line":34,"column":null}},"16":{"start":{"line":35,"column":2},"end":{"line":35,"column":null}},"17":{"start":{"line":35,"column":16},"end":{"line":35,"column":null}},"18":{"start":{"line":37,"column":24},"end":{"line":37,"column":null}},"19":{"start":{"line":39,"column":18},"end":{"line":41,"column":null}},"20":{"start":{"line":43,"column":2},"end":{"line":43,"column":null}},"21":{"start":{"line":47,"column":0},"end":{"line":66,"column":null}},"22":{"start":{"line":48,"column":30},"end":{"line":48,"column":null}},"23":{"start":{"line":50,"column":2},"end":{"line":51,"column":null}},"24":{"start":{"line":51,"column":4},"end":{"line":51,"column":null}},"25":{"start":{"line":53,"column":15},"end":{"line":53,"column":null}},"26":{"start":{"line":54,"column":2},"end":{"line":54,"column":null}},"27":{"start":{"line":54,"column":13},"end":{"line":54,"column":null}},"28":{"start":{"line":56,"column":16},"end":{"line":56,"column":null}},"29":{"start":{"line":57,"column":2},"end":{"line":57,"column":null}},"30":{"start":{"line":57,"column":14},"end":{"line":57,"column":null}},"31":{"start":{"line":59,"column":16},"end":{"line":63,"column":null}},"32":{"start":{"line":65,"column":2},"end":{"line":65,"column":null}}},"fnMap":{"0":{"name":"(anonymous_0)","decl":{"start":{"line":9,"column":17},"end":{"line":9,"column":24}},"loc":{"start":{"line":9,"column":37},"end":{"line":25,"column":1}},"line":9},"1":{"name":"(anonymous_1)","decl":{"start":{"line":28,"column":25},"end":{"line":28,"column":32}},"loc":{"start":{"line":28,"column":45},"end":{"line":44,"column":1}},"line":28},"2":{"name":"(anonymous_2)","decl":{"start":{"line":47,"column":22},"end":{"line":47,"column":29}},"loc":{"start":{"line":47,"column":42},"end":{"line":66,"column":1}},"line":47}},"branchMap":{"0":{"loc":{"start":{"line":12,"column":2},"end":{"line":13,"column":null}},"type":"if","locations":[{"start":{"line":12,"column":2},"end":{"line":13,"column":null}},{"start":{},"end":{}}],"line":12},"1":{"loc":{"start":{"line":12,"column":6},"end":{"line":12,"column":null}},"type":"binary-expr","locations":[{"start":{"line":12,"column":6},"end":{"line":12,"column":16}},{"start":{"line":12,"column":16},"end":{"line":12,"column":null}}],"line":12},"2":{"loc":{"start":{"line":16,"column":2},"end":{"line":16,"column":null}},"type":"if","locations":[{"start":{"line":16,"column":2},"end":{"line":16,"column":null}},{"start":{},"end":{}}],"line":16},"3":{"loc":{"start":{"line":31,"column":2},"end":{"line":32,"column":null}},"type":"if","locations":[{"start":{"line":31,"column":2},"end":{"line":32,"column":null}},{"start":{},"end":{}}],"line":31},"4":{"loc":{"start":{"line":31,"column":6},"end":{"line":31,"column":null}},"type":"binary-expr","locations":[{"start":{"line":31,"column":6},"end":{"line":31,"column":16}},{"start":{"line":31,"column":16},"end":{"line":31,"column":null}}],"line":31},"5":{"loc":{"start":{"line":35,"column":2},"end":{"line":35,"column":null}},"type":"if","locations":[{"start":{"line":35,"column":2},"end":{"line":35,"column":null}},{"start":{},"end":{}}],"line":35},"6":{"loc":{"start":{"line":50,"column":2},"end":{"line":51,"column":null}},"type":"if","locations":[{"start":{"line":50,"column":2},"end":{"line":51,"column":null}},{"start":{},"end":{}}],"line":50},"7":{"loc":{"start":{"line":50,"column":6},"end":{"line":50,"column":null}},"type":"binary-expr","locations":[{"start":{"line":50,"column":6},"end":{"line":50,"column":16}},{"start":{"line":50,"column":16},"end":{"line":50,"column":null}}],"line":50},"8":{"loc":{"start":{"line":54,"column":2},"end":{"line":54,"column":null}},"type":"if","locations":[{"start":{"line":54,"column":2},"end":{"line":54,"column":null}},{"start":{},"end":{}}],"line":54},"9":{"loc":{"start":{"line":57,"column":2},"end":{"line":57,"column":null}},"type":"if","locations":[{"start":{"line":57,"column":2},"end":{"line":57,"column":null}},{"start":{},"end":{}}],"line":57}},"s":{"0":3,"1":3,"2":3,"3":3,"4":1,"5":2,"6":2,"7":2,"8":0,"9":0,"10":0,"11":3,"12":1,"13":1,"14":0,"15":1,"16":1,"17":0,"18":1,"19":1,"20":1,"21":3,"22":7,"23":7,"24":1,"25":6,"26":6,"27":1,"28":5,"29":5,"30":3,"31":2,"32":2},"f":{"0":3,"1":1,"2":7},"b":{"0":[1,2],"1":[3,2],"2":[2,0],"3":[0,1],"4":[1,1],"5":[0,1],"6":[1,6],"7":[7,6],"8":[1,5],"9":[3,2]},"meta":{"lastBranch":10,"lastFunction":3,"lastStatement":33,"seen":{"s:6:6:6:Infinity":0,"s:9:0:25:Infinity":1,"f:9:17:9:24":0,"s:10:30:10:Infinity":2,"b:12:2:13:Infinity:undefined:undefined:undefined:undefined":0,"s:12:2:13:Infinity":3,"b:12:6:12:16:12:16:12:Infinity":1,"s:13:4:13:Infinity":4,"s:15:19:15:Infinity":5,"b:16:2:16:Infinity:undefined:undefined:undefined:undefined":2,"s:16:2:16:Infinity":6,"s:16:16:16:Infinity":7,"s:18:24:18:Infinity":8,"s:20:18:22:Infinity":9,"s:24:2:24:Infinity":10,"s:28:0:44:Infinity":11,"f:28:25:28:32":1,"s:29:30:29:Infinity":12,"b:31:2:32:Infinity:undefined:undefined:undefined:undefined":3,"s:31:2:32:Infinity":13,"b:31:6:31:16:31:16:31:Infinity":4,"s:32:4:32:Infinity":14,"s:34:19:34:Infinity":15,"b:35:2:35:Infinity:undefined:undefined:undefined:undefined":5,"s:35:2:35:Infinity":16,"s:35:16:35:Infinity":17,"s:37:24:37:Infinity":18,"s:39:18:41:Infinity":19,"s:43:2:43:Infinity":20,"s:47:0:66:Infinity":21,"f:47:22:47:29":2,"s:48:30:48:Infinity":22,"b:50:2:51:Infinity:undefined:undefined:undefined:undefined":6,"s:50:2:51:Infinity":23,"b:50:6:50:16:50:16:50:Infinity":7,"s:51:4:51:Infinity":24,"s:53:15:53:Infinity":25,"b:54:2:54:Infinity:undefined:undefined:undefined:undefined":8,"s:54:2:54:Infinity":26,"s:54:13:54:Infinity":27,"s:56:16:56:Infinity":28,"b:57:2:57:Infinity:undefined:undefined:undefined:undefined":9,"s:57:2:57:Infinity":29,"s:57:14:57:Infinity":30,"s:59:16:63:Infinity":31,"s:65:2:65:Infinity":32}}}
,"C:\\Users\\Wendy\\volunteer-app\\volunteer-app\\backend\\src\\routes\\events.ts": {"path":"C:\\Users\\Wendy\\volunteer-app\\volunteer-app\\backend\\src\\routes\\events.ts","statementMap":{"0":{"start":{"line":4,"column":6},"end":{"line":4,"column":null}},"1":{"start":{"line":7,"column":0},"end":{"line":19,"column":null}},"2":{"start":{"line":8,"column":16},"end":{"line":16,"column":null}},"3":{"start":{"line":18,"column":2},"end":{"line":18,"column":null}},"4":{"start":{"line":22,"column":0},"end":{"line":25,"column":null}},"5":{"start":{"line":23,"column":17},"end":{"line":23,"column":null}},"6":{"start":{"line":24,"column":2},"end":{"line":24,"column":null}},"7":{"start":{"line":28,"column":0},"end":{"line":34,"column":null}},"8":{"start":{"line":29,"column":2},"end":{"line":31,"column":null}},"9":{"start":{"line":33,"column":2},"end":{"line":33,"column":null}}},"fnMap":{"0":{"name":"(anonymous_0)","decl":{"start":{"line":7,"column":17},"end":{"line":7,"column":24}},"loc":{"start":{"line":7,"column":37},"end":{"line":19,"column":1}},"line":7},"1":{"name":"(anonymous_1)","decl":{"start":{"line":22,"column":16},"end":{"line":22,"column":23}},"loc":{"start":{"line":22,"column":36},"end":{"line":25,"column":1}},"line":22},"2":{"name":"(anonymous_2)","decl":{"start":{"line":28,"column":22},"end":{"line":28,"column":29}},"loc":{"start":{"line":28,"column":42},"end":{"line":34,"column":1}},"line":28}},"branchMap":{},"s":{"0":3,"1":3,"2":2,"3":2,"4":3,"5":1,"6":1,"7":3,"8":1,"9":1},"f":{"0":2,"1":1,"2":1},"b":{},"meta":{"lastBranch":0,"lastFunction":3,"lastStatement":10,"seen":{"s:4:6:4:Infinity":0,"s:7:0:19:Infinity":1,"f:7:17:7:24":0,"s:8:16:16:Infinity":2,"s:18:2:18:Infinity":3,"s:22:0:25:Infinity":4,"f:22:16:22:23":1,"s:23:17:23:Infinity":5,"s:24:2:24:Infinity":6,"s:28:0:34:Infinity":7,"f:28:22:28:29":2,"s:29:2:31:Infinity":8,"s:33:2:33:Infinity":9}}}
,"C:\\Users\\Wendy\\volunteer-app\\volunteer-app\\backend\\src\\routes\\health.ts": {"path":"C:\\Users\\Wendy\\volunteer-app\\volunteer-app\\backend\\src\\routes\\health.ts","statementMap":{"0":{"start":{"line":2,"column":6},"end":{"line":2,"column":null}},"1":{"start":{"line":4,"column":0},"end":{"line":6,"column":null}},"2":{"start":{"line":5,"column":2},"end":{"line":5,"column":null}}},"fnMap":{"0":{"name":"(anonymous_0)","decl":{"start":{"line":4,"column":16},"end":{"line":4,"column":17}},"loc":{"start":{"line":4,"column":30},"end":{"line":6,"column":1}},"line":4}},"branchMap":{},"s":{"0":3,"1":3,"2":1},"f":{"0":1},"b":{},"meta":{"lastBranch":0,"lastFunction":1,"lastStatement":3,"seen":{"s:2:6:2:Infinity":0,"s:4:0:6:Infinity":1,"f:4:16:4:17":0,"s:5:2:5:Infinity":2}}}
,"C:\\Users\\Wendy\\volunteer-app\\volunteer-app\\backend\\src\\routes\\history.ts": {"path":"C:\\Users\\Wendy\\volunteer-app\\volunteer-app\\backend\\src\\routes\\history.ts","statementMap":{"0":{"start":{"line":4,"column":6},"end":{"line":4,"column":null}},"1":{"start":{"line":7,"column":0},"end":{"line":25,"column":null}},"2":{"start":{"line":8,"column":18},"end":{"line":8,"column":null}},"3":{"start":{"line":9,"column":19},"end":{"line":9,"column":null}},"4":{"start":{"line":10,"column":17},"end":{"line":10,"column":null}},"5":{"start":{"line":12,"column":2},"end":{"line":13,"column":null}},"6":{"start":{"line":13,"column":4},"end":{"line":13,"column":null}},"7":{"start":{"line":15,"column":17},"end":{"line":22,"column":null}},"8":{"start":{"line":24,"column":2},"end":{"line":24,"column":null}},"9":{"start":{"line":28,"column":0},"end":{"line":56,"column":null}},"10":{"start":{"line":29,"column":17},"end":{"line":29,"column":null}},"11":{"start":{"line":31,"column":18},"end":{"line":44,"column":null}},"12":{"start":{"line":46,"column":20},"end":{"line":53,"column":null}},"13":{"start":{"line":46,"column":40},"end":{"line":53,"column":4}},"14":{"start":{"line":51,"column":53},"end":{"line":51,"column":72}},"15":{"start":{"line":55,"column":2},"end":{"line":55,"column":null}}},"fnMap":{"0":{"name":"(anonymous_0)","decl":{"start":{"line":7,"column":17},"end":{"line":7,"column":24}},"loc":{"start":{"line":7,"column":37},"end":{"line":25,"column":1}},"line":7},"1":{"name":"(anonymous_1)","decl":{"start":{"line":28,"column":19},"end":{"line":28,"column":26}},"loc":{"start":{"line":28,"column":39},"end":{"line":56,"column":1}},"line":28},"2":{"name":"(anonymous_2)","decl":{"start":{"line":46,"column":32},"end":{"line":46,"column":33}},"loc":{"start":{"line":46,"column":40},"end":{"line":53,"column":4}},"line":46},"3":{"name":"(anonymous_3)","decl":{"start":{"line":51,"column":45},"end":{"line":51,"column":46}},"loc":{"start":{"line":51,"column":53},"end":{"line":51,"column":72}},"line":51}},"branchMap":{"0":{"loc":{"start":{"line":8,"column":18},"end":{"line":8,"column":null}},"type":"binary-expr","locations":[{"start":{"line":8,"column":18},"end":{"line":8,"column":38}},{"start":{"line":8,"column":38},"end":{"line":8,"column":null}}],"line":8},"1":{"loc":{"start":{"line":9,"column":19},"end":{"line":9,"column":null}},"type":"binary-expr","locations":[{"start":{"line":9,"column":19},"end":{"line":9,"column":40}},{"start":{"line":9,"column":40},"end":{"line":9,"column":null}}],"line":9},"2":{"loc":{"start":{"line":10,"column":17},"end":{"line":10,"column":null}},"type":"binary-expr","locations":[{"start":{"line":10,"column":17},"end":{"line":10,"column":36}},{"start":{"line":10,"column":36},"end":{"line":10,"column":null}}],"line":10},"3":{"loc":{"start":{"line":12,"column":2},"end":{"line":13,"column":null}},"type":"if","locations":[{"start":{"line":12,"column":2},"end":{"line":13,"column":null}},{"start":{},"end":{}}],"line":12},"4":{"loc":{"start":{"line":12,"column":6},"end":{"line":12,"column":null}},"type":"binary-expr","locations":[{"start":{"line":12,"column":6},"end":{"line":12,"column":18}},{"start":{"line":12,"column":18},"end":{"line":12,"column":null}}],"line":12}},"s":{"0":3,"1":3,"2":1,"3":1,"4":1,"5":1,"6":0,"7":1,"8":1,"9":3,"10":1,"11":1,"12":1,"13":19,"14":0,"15":1},"f":{"0":1,"1":1,"2":19,"3":0},"b":{"0":[1,0],"1":[1,0],"2":[1,0],"3":[0,1],"4":[1,1]},"meta":{"lastBranch":5,"lastFunction":4,"lastStatement":16,"seen":{"s:4:6:4:Infinity":0,"s:7:0:25:Infinity":1,"f:7:17:7:24":0,"s:8:18:8:Infinity":2,"b:8:18:8:38:8:38:8:Infinity":0,"s:9:19:9:Infinity":3,"b:9:19:9:40:9:40:9:Infinity":1,"s:10:17:10:Infinity":4,"b:10:17:10:36:10:36:10:Infinity":2,"b:12:2:13:Infinity:undefined:undefined:undefined:undefined":3,"s:12:2:13:Infinity":5,"b:12:6:12:18:12:18:12:Infinity":4,"s:13:4:13:Infinity":6,"s:15:17:22:Infinity":7,"s:24:2:24:Infinity":8,"s:28:0:56:Infinity":9,"f:28:19:28:26":1,"s:29:17:29:Infinity":10,"s:31:18:44:Infinity":11,"s:46:20:53:Infinity":12,"f:46:32:46:33":2,"s:46:40:53:4":13,"f:51:45:51:46":3,"s:51:53:51:72":14,"s:55:2:55:Infinity":15}}}
,"C:\\Users\\Wendy\\volunteer-app\\volunteer-app\\backend\\src\\routes\\skills.ts": {"path":"C:\\Users\\Wendy\\volunteer-app\\volunteer-app\\backend\\src\\routes\\skills.ts","statementMap":{"0":{"start":{"line":4,"column":6},"end":{"line":4,"column":null}},"1":{"start":{"line":6,"column":0},"end":{"line":32,"column":null}},"2":{"start":{"line":7,"column":25},"end":{"line":7,"column":null}},"3":{"start":{"line":9,"column":2},"end":{"line":11,"column":null}},"4":{"start":{"line":10,"column":4},"end":{"line":10,"column":null}},"5":{"start":{"line":13,"column":2},"end":{"line":31,"column":null}},"6":{"start":{"line":15,"column":18},"end":{"line":17,"column":null}},"7":{"start":{"line":18,"column":4},"end":{"line":18,"column":null}},"8":{"start":{"line":22,"column":4},"end":{"line":27,"column":null}},"9":{"start":{"line":23,"column":23},"end":{"line":25,"column":null}},"10":{"start":{"line":26,"column":6},"end":{"line":26,"column":null}},"11":{"start":{"line":29,"column":4},"end":{"line":29,"column":null}},"12":{"start":{"line":30,"column":4},"end":{"line":30,"column":null}},"13":{"start":{"line":35,"column":0},"end":{"line":38,"column":null}},"14":{"start":{"line":36,"column":17},"end":{"line":36,"column":null}},"15":{"start":{"line":37,"column":2},"end":{"line":37,"column":null}}},"fnMap":{"0":{"name":"(anonymous_0)","decl":{"start":{"line":6,"column":17},"end":{"line":6,"column":24}},"loc":{"start":{"line":6,"column":37},"end":{"line":32,"column":1}},"line":6},"1":{"name":"(anonymous_1)","decl":{"start":{"line":35,"column":16},"end":{"line":35,"column":23}},"loc":{"start":{"line":35,"column":36},"end":{"line":38,"column":1}},"line":35}},"branchMap":{"0":{"loc":{"start":{"line":9,"column":2},"end":{"line":11,"column":null}},"type":"if","locations":[{"start":{"line":9,"column":2},"end":{"line":11,"column":null}},{"start":{},"end":{}}],"line":9},"1":{"loc":{"start":{"line":22,"column":4},"end":{"line":27,"column":null}},"type":"if","locations":[{"start":{"line":22,"column":4},"end":{"line":27,"column":null}},{"start":{},"end":{}}],"line":22}},"s":{"0":3,"1":3,"2":3,"3":3,"4":1,"5":2,"6":2,"7":0,"8":2,"9":2,"10":2,"11":0,"12":0,"13":3,"14":1,"15":1},"f":{"0":3,"1":1},"b":{"0":[1,2],"1":[2,0]},"meta":{"lastBranch":2,"lastFunction":2,"lastStatement":16,"seen":{"s:4:6:4:Infinity":0,"s:6:0:32:Infinity":1,"f:6:17:6:24":0,"s:7:25:7:Infinity":2,"b:9:2:11:Infinity:undefined:undefined:undefined:undefined":0,"s:9:2:11:Infinity":3,"s:10:4:10:Infinity":4,"s:13:2:31:Infinity":5,"s:15:18:17:Infinity":6,"s:18:4:18:Infinity":7,"b:22:4:27:Infinity:undefined:undefined:undefined:undefined":1,"s:22:4:27:Infinity":8,"s:23:23:25:Infinity":9,"s:26:6:26:Infinity":10,"s:29:4:29:Infinity":11,"s:30:4:30:Infinity":12,"s:35:0:38:Infinity":13,"f:35:16:35:23":1,"s:36:17:36:Infinity":14,"s:37:2:37:Infinity":15}}}
,"C:\\Users\\Wendy\\volunteer-app\\volunteer-app\\backend\\src\\routes\\users.ts": {"path":"C:\\Users\\Wendy\\volunteer-app\\volunteer-app\\backend\\src\\routes\\users.ts","statementMap":{"0":{"start":{"line":4,"column":6},"end":{"line":4,"column":null}},"1":{"start":{"line":7,"column":0},"end":{"line":10,"column":null}},"2":{"start":{"line":8,"column":16},"end":{"line":8,"column":null}},"3":{"start":{"line":9,"column":2},"end":{"line":9,"column":null}},"4":{"start":{"line":12,"column":0},"end":{"line":47,"column":null}},"5":{"start":{"line":13,"column":30},"end":{"line":13,"column":null}},"6":{"start":{"line":15,"column":2},"end":{"line":16,"column":null}},"7":{"start":{"line":16,"column":4},"end":{"line":16,"column":null}},"8":{"start":{"line":18,"column":2},"end":{"line":46,"column":null}},"9":{"start":{"line":19,"column":25},"end":{"line":40,"column":null}},"10":{"start":{"line":42,"column":4},"end":{"line":42,"column":null}},"11":{"start":{"line":44,"column":4},"end":{"line":44,"column":null}},"12":{"start":{"line":45,"column":4},"end":{"line":45,"column":null}}},"fnMap":{"0":{"name":"(anonymous_0)","decl":{"start":{"line":7,"column":16},"end":{"line":7,"column":23}},"loc":{"start":{"line":7,"column":36},"end":{"line":10,"column":1}},"line":7},"1":{"name":"(anonymous_1)","decl":{"start":{"line":12,"column":28},"end":{"line":12,"column":35}},"loc":{"start":{"line":12,"column":48},"end":{"line":47,"column":1}},"line":12}},"branchMap":{"0":{"loc":{"start":{"line":15,"column":2},"end":{"line":16,"column":null}},"type":"if","locations":[{"start":{"line":15,"column":2},"end":{"line":16,"column":null}},{"start":{},"end":{}}],"line":15},"1":{"loc":{"start":{"line":22,"column":19},"end":{"line":22,"column":null}},"type":"binary-expr","locations":[{"start":{"line":22,"column":19},"end":{"line":22,"column":39}},{"start":{"line":22,"column":39},"end":{"line":22,"column":null}}],"line":22},"2":{"loc":{"start":{"line":23,"column":18},"end":{"line":23,"column":null}},"type":"binary-expr","locations":[{"start":{"line":23,"column":18},"end":{"line":23,"column":38}},{"start":{"line":23,"column":38},"end":{"line":23,"column":null}}],"line":23},"3":{"loc":{"start":{"line":24,"column":18},"end":{"line":24,"column":null}},"type":"binary-expr","locations":[{"start":{"line":24,"column":18},"end":{"line":24,"column":38}},{"start":{"line":24,"column":38},"end":{"line":24,"column":null}}],"line":24},"4":{"loc":{"start":{"line":25,"column":14},"end":{"line":25,"column":null}},"type":"binary-expr","locations":[{"start":{"line":25,"column":14},"end":{"line":25,"column":30}},{"start":{"line":25,"column":30},"end":{"line":25,"column":null}}],"line":25},"5":{"loc":{"start":{"line":26,"column":15},"end":{"line":26,"column":null}},"type":"binary-expr","locations":[{"start":{"line":26,"column":15},"end":{"line":26,"column":32}},{"start":{"line":26,"column":32},"end":{"line":26,"column":null}}],"line":26},"6":{"loc":{"start":{"line":27,"column":13},"end":{"line":27,"column":null}},"type":"binary-expr","locations":[{"start":{"line":27,"column":13},"end":{"line":27,"column":28}},{"start":{"line":27,"column":28},"end":{"line":27,"column":null}}],"line":27},"7":{"loc":{"start":{"line":28,"column":21},"end":{"line":28,"column":null}},"type":"binary-expr","locations":[{"start":{"line":28,"column":21},"end":{"line":28,"column":44}},{"start":{"line":28,"column":44},"end":{"line":28,"column":null}}],"line":28},"8":{"loc":{"start":{"line":32,"column":19},"end":{"line":32,"column":null}},"type":"binary-expr","locations":[{"start":{"line":32,"column":19},"end":{"line":32,"column":39}},{"start":{"line":32,"column":39},"end":{"line":32,"column":null}}],"line":32},"9":{"loc":{"start":{"line":33,"column":18},"end":{"line":33,"column":null}},"type":"binary-expr","locations":[{"start":{"line":33,"column":18},"end":{"line":33,"column":38}},{"start":{"line":33,"column":38},"end":{"line":33,"column":null}}],"line":33},"10":{"loc":{"start":{"line":34,"column":18},"end":{"line":34,"column":null}},"type":"binary-expr","locations":[{"start":{"line":34,"column":18},"end":{"line":34,"column":38}},{"start":{"line":34,"column":38},"end":{"line":34,"column":null}}],"line":34},"11":{"loc":{"start":{"line":35,"column":14},"end":{"line":35,"column":null}},"type":"binary-expr","locations":[{"start":{"line":35,"column":14},"end":{"line":35,"column":30}},{"start":{"line":35,"column":30},"end":{"line":35,"column":null}}],"line":35},"12":{"loc":{"start":{"line":36,"column":15},"end":{"line":36,"column":null}},"type":"binary-expr","locations":[{"start":{"line":36,"column":15},"end":{"line":36,"column":32}},{"start":{"line":36,"column":32},"end":{"line":36,"column":null}}],"line":36},"13":{"loc":{"start":{"line":37,"column":13},"end":{"line":37,"column":null}},"type":"binary-expr","locations":[{"start":{"line":37,"column":13},"end":{"line":37,"column":28}},{"start":{"line":37,"column":28},"end":{"line":37,"column":null}}],"line":37},"14":{"loc":{"start":{"line":38,"column":21},"end":{"line":38,"column":null}},"type":"binary-expr","locations":[{"start":{"line":38,"column":21},"end":{"line":38,"column":44}},{"start":{"line":38,"column":44},"end":{"line":38,"column":null}}],"line":38}},"s":{"0":3,"1":3,"2":1,"3":1,"4":3,"5":4,"6":4,"7":1,"8":3,"9":3,"10":3,"11":0,"12":0},"f":{"0":1,"1":4},"b":{"0":[1,3],"1":[3,0],"2":[4,0],"3":[4,1],"4":[4,0],"5":[4,0],"6":[4,0],"7":[4,0],"8":[4,0],"9":[4,0],"10":[4,1],"11":[4,0],"12":[4,0],"13":[4,0],"14":[4,0]},"meta":{"lastBranch":15,"lastFunction":2,"lastStatement":13,"seen":{"s:4:6:4:Infinity":0,"s:7:0:10:Infinity":1,"f:7:16:7:23":0,"s:8:16:8:Infinity":2,"s:9:2:9:Infinity":3,"s:12:0:47:Infinity":4,"f:12:28:12:35":1,"s:13:30:13:Infinity":5,"b:15:2:16:Infinity:undefined:undefined:undefined:undefined":0,"s:15:2:16:Infinity":6,"s:16:4:16:Infinity":7,"s:18:2:46:Infinity":8,"s:19:25:40:Infinity":9,"b:22:19:22:39:22:39:22:Infinity":1,"b:23:18:23:38:23:38:23:Infinity":2,"b:24:18:24:38:24:38:24:Infinity":3,"b:25:14:25:30:25:30:25:Infinity":4,"b:26:15:26:32:26:32:26:Infinity":5,"b:27:13:27:28:27:28:27:Infinity":6,"b:28:21:28:44:28:44:28:Infinity":7,"b:32:19:32:39:32:39:32:Infinity":8,"b:33:18:33:38:33:38:33:Infinity":9,"b:34:18:34:38:34:38:34:Infinity":10,"b:35:14:35:30:35:30:35:Infinity":11,"b:36:15:36:32:36:32:36:Infinity":12,"b:37:13:37:28:37:28:37:Infinity":13,"b:38:21:38:44:38:44:38:Infinity":14,"s:42:4:42:Infinity":10,"s:44:4:44:Infinity":11,"s:45:4:45:Infinity":12}}}
}
