TN:
SF:src/app.ts
FNF:0
FNH:0
DA:1,1
DA:2,1
DA:3,1
DA:4,1
DA:5,1
DA:8,1
DA:9,1
DA:10,1
DA:12,1
DA:13,1
DA:14,1
DA:15,1
DA:17,1
LF:13
LH:13
BRF:0
BRH:0
end_of_record
TN:
SF:src/auth.ts
FNF:0
FNH:0
DA:1,1
DA:2,1
DA:3,1
DA:4,1
DA:5,1
DA:6,1
DA:7,1
DA:9,1
DA:12,1
DA:13,5
DA:14,5
DA:16,5
DA:18,5
DA:19,5
DA:21,5
DA:22,5
DA:23,5
DA:25,5
DA:26,5
DA:29,1
DA:30,4
DA:31,4
DA:33,4
DA:34,4
DA:35,4
DA:37,4
DA:38,4
DA:40,3
DA:41,3
DA:42,3
DA:44,1
LF:31
LH:31
BRDA:12,0,0,5
BRDA:14,1,0,0
BRDA:19,2,0,0
BRDA:18,3,0,3
BRDA:29,4,0,4
BRDA:31,5,0,0
BRDA:35,6,0,0
BRDA:38,7,0,3
BRDA:38,8,0,1
BRDA:34,9,0,7
BRF:10
BRH:6
end_of_record
TN:
SF:src/profile.ts
FN:10,getUserId
FNF:1
FNH:1
FNDA:3,getUserId
DA:1,1
DA:2,1
DA:3,1
DA:4,1
DA:6,1
DA:10,3
DA:11,3
DA:12,3
DA:15,1
DA:16,2
DA:17,2
DA:18,2
DA:19,2
DA:20,2
DA:22,1
DA:23,1
DA:24,1
DA:26,1
DA:27,1
DA:28,1
DA:30,1
DA:31,1
DA:32,1
DA:34,1
LF:24
LH:24
BRDA:10,0,0,3
BRDA:11,1,0,0
BRDA:15,2,0,2
BRDA:18,3,0,0
BRDA:19,4,0,1
BRDA:17,5,0,2
BRDA:22,6,0,1
BRDA:24,7,0,0
BRDA:28,8,0,0
BRDA:27,9,0,1
BRF:10
BRH:6
end_of_record
TN:
SF:src/store.ts
FNF:0
FNH:0
DA:3,1
DA:4,1
DA:5,1
DA:6,1
DA:7,1
DA:8,1
LF:6
LH:6
BRF:0
BRH:0
end_of_record
TN:
SF:src/types.ts
FN:1,(empty-report)
FNF:1
FNH:1
FNDA:1,(empty-report)
LF:0
LH:0
BRDA:1,0,0,1
BRF:1
BRH:1
end_of_record
TN:
SF:src/validation.ts
FNF:0
FNH:0
DA:1,1
DA:3,1
DA:4,1
DA:5,1
DA:6,1
DA:7,1
DA:9,1
DA:10,1
DA:11,1
DA:12,1
DA:14,1
DA:15,1
DA:16,1
DA:17,1
DA:18,1
DA:19,1
DA:20,1
DA:21,1
DA:22,1
DA:23,1
DA:24,1
DA:26,1
DA:27,1
DA:28,1
DA:29,1
DA:30,1
DA:31,1
DA:32,1
DA:33,1
LF:29
LH:29
BRF:0
BRH:0
end_of_record
TN:
SF:src/middleware/requireAuth.ts
FN:7,getToken
FN:15,requireAuth
FN:31,requireRole
FNF:3
FNH:2
FNDA:8,getToken
FNDA:8,requireAuth
FNDA:0,requireRole
DA:1,1
DA:7,8
DA:8,8
DA:9,8
DA:10,6
DA:11,8
DA:12,6
DA:13,6
DA:15,1
DA:16,8
DA:17,8
DA:18,8
DA:19,6
DA:24,6
DA:25,6
DA:26,8
DA:27,0
DA:28,0
DA:29,8
DA:31,1
DA:32,0
DA:33,0
DA:34,0
DA:35,0
DA:36,0
DA:37,0
DA:38,0
LF:27
LH:18
BRDA:7,0,0,8
BRDA:9,1,0,2
BRDA:9,2,0,6
BRDA:11,3,0,6
BRDA:11,4,0,0
BRDA:11,5,0,6
BRDA:15,6,0,8
BRDA:18,7,0,2
BRDA:18,8,0,6
BRDA:26,9,0,0
BRF:10
BRH:8
end_of_record
TN:
SF:src/routes/history.ts
FNF:0
FNH:0
DA:1,1
DA:5,1
DA:8,1
DA:9,1
DA:10,1
DA:11,1
DA:12,1
DA:13,1
DA:14,1
DA:15,1
DA:16,1
DA:17,1
DA:22,1
DA:25,1
DA:26,2
DA:27,2
DA:28,2
DA:29,2
DA:32,1
DA:34,1
DA:35,1
DA:36,1
DA:37,0
DA:38,0
DA:39,0
DA:40,0
DA:41,0
DA:42,0
DA:43,0
DA:44,0
DA:45,0
DA:46,0
DA:47,0
DA:48,0
DA:49,0
DA:50,0
DA:51,0
DA:52,0
DA:53,0
DA:54,0
DA:55,0
DA:56,0
DA:59,1
DA:60,1
DA:61,1
DA:62,1
DA:63,1
DA:64,1
DA:65,1
DA:66,1
DA:67,1
DA:68,1
DA:69,1
DA:70,1
DA:71,1
DA:72,1
DA:73,1
DA:74,1
DA:75,1
DA:76,1
DA:77,1
DA:78,1
DA:79,1
DA:80,1
DA:81,1
DA:82,1
DA:83,1
DA:84,1
DA:85,1
DA:86,1
DA:88,1
LF:71
LH:51
BRDA:25,0,0,2
BRDA:27,1,0,1
BRDA:59,2,0,1
BRF:3
BRH:3
end_of_record
