TN:
SF:src/app.ts
FNF:0
FNH:0
DA:1,1
DA:2,1
DA:3,1
DA:4,1
DA:5,1
DA:6,1
DA:9,1
DA:10,1
DA:11,1
DA:13,1
DA:14,1
DA:15,1
DA:16,1
DA:17,1
DA:19,1
LF:15
LH:15
BRF:0
BRH:0
end_of_record
TN:
SF:src/auth.ts
FNF:0
FNH:0
DA:1,1
DA:2,1
DA:3,1
DA:4,1
DA:5,1
DA:6,1
DA:7,1
DA:9,1
DA:12,1
DA:13,17
DA:14,17
DA:16,16
DA:18,16
DA:19,17
DA:21,15
DA:22,15
DA:23,15
DA:25,15
DA:26,15
DA:29,1
DA:30,13
DA:31,13
DA:33,13
DA:34,13
DA:35,13
DA:37,13
DA:38,13
DA:40,11
DA:41,11
DA:42,11
DA:44,1
LF:31
LH:31
BRDA:12,0,0,17
BRDA:14,1,0,1
BRDA:14,2,0,16
BRDA:19,3,0,1
BRDA:19,4,0,15
BRDA:18,5,0,10
BRDA:29,6,0,13
BRDA:31,7,0,0
BRDA:35,8,0,0
BRDA:38,9,0,11
BRDA:38,10,0,2
BRDA:34,11,0,22
BRF:12
BRH:10
end_of_record
TN:
SF:src/profile.ts
FN:10,getUserId
FNF:1
FNH:1
FNDA:3,getUserId
DA:1,1
DA:2,1
DA:3,1
DA:4,1
DA:6,1
DA:10,3
DA:11,3
DA:12,3
DA:15,1
DA:16,2
DA:17,2
DA:18,2
DA:19,2
DA:20,2
DA:22,1
DA:23,1
DA:24,1
DA:26,1
DA:27,1
DA:28,1
DA:30,1
DA:31,1
DA:32,1
DA:34,1
LF:24
LH:24
BRDA:10,0,0,3
BRDA:11,1,0,0
BRDA:15,2,0,2
BRDA:18,3,0,0
BRDA:19,4,0,1
BRDA:17,5,0,2
BRDA:22,6,0,1
BRDA:24,7,0,0
BRDA:28,8,0,0
BRDA:27,9,0,1
BRF:10
BRH:6
end_of_record
TN:
SF:src/store.ts
FNF:0
FNH:0
DA:3,1
DA:4,1
DA:5,1
DA:6,1
DA:7,1
DA:8,1
LF:6
LH:6
BRF:0
BRH:0
end_of_record
TN:
SF:src/types.ts
FN:1,(empty-report)
FNF:1
FNH:1
FNDA:1,(empty-report)
LF:0
LH:0
BRDA:1,0,0,1
BRF:1
BRH:1
end_of_record
TN:
SF:src/validation.ts
FNF:0
FNH:0
DA:1,1
DA:3,1
DA:4,1
DA:5,1
DA:6,1
DA:7,1
DA:9,1
DA:10,1
DA:11,1
DA:12,1
DA:14,1
DA:15,1
DA:16,1
DA:17,1
DA:18,1
DA:19,1
DA:20,1
DA:21,1
DA:22,1
DA:23,1
DA:24,1
DA:26,1
DA:27,1
DA:28,1
DA:29,1
DA:30,1
DA:31,1
DA:32,1
DA:33,1
LF:29
LH:29
BRF:0
BRH:0
end_of_record
TN:
SF:src/middleware/requireAuth.ts
FN:7,getToken
FN:15,requireAuth
FN:31,requireRole
FNF:3
FNH:2
FNDA:26,getToken
FNDA:26,requireAuth
FNDA:0,requireRole
DA:1,1
DA:7,26
DA:8,26
DA:9,26
DA:10,23
DA:11,26
DA:12,23
DA:13,23
DA:15,1
DA:16,26
DA:17,26
DA:18,26
DA:19,23
DA:24,23
DA:25,23
DA:26,25
DA:27,1
DA:28,1
DA:29,26
DA:31,1
DA:32,0
DA:33,0
DA:34,0
DA:35,0
DA:36,0
DA:37,0
DA:38,0
LF:27
LH:20
BRDA:7,0,0,26
BRDA:9,1,0,25
BRDA:9,2,0,3
BRDA:9,3,0,23
BRDA:11,4,0,23
BRDA:11,5,0,0
BRDA:11,6,0,23
BRDA:15,7,0,26
BRDA:18,8,0,25
BRDA:18,9,0,3
BRDA:18,10,0,23
BRDA:26,11,0,1
BRF:12
BRH:11
end_of_record
TN:
SF:src/routes/history.ts
FNF:0
FNH:0
DA:1,1
DA:5,1
DA:8,1
DA:9,1
DA:10,1
DA:11,1
DA:12,1
DA:13,1
DA:14,1
DA:15,1
DA:16,1
DA:17,1
DA:22,1
DA:25,1
DA:26,3
DA:27,3
DA:28,3
DA:29,3
DA:32,1
DA:34,1
DA:35,1
DA:36,1
DA:37,2
DA:38,2
DA:39,2
DA:40,1
DA:41,1
DA:42,1
DA:43,1
DA:44,2
DA:45,2
DA:46,2
DA:47,2
DA:48,2
DA:49,2
DA:50,2
DA:51,2
DA:52,2
DA:53,2
DA:54,2
DA:55,2
DA:56,2
DA:59,1
DA:60,2
DA:61,2
DA:62,2
DA:63,2
DA:64,2
DA:65,2
DA:66,2
DA:67,2
DA:68,2
DA:69,2
DA:70,2
DA:71,2
DA:72,2
DA:73,2
DA:74,2
DA:75,2
DA:76,2
DA:77,2
DA:78,2
DA:79,2
DA:80,2
DA:81,2
DA:82,2
DA:83,2
DA:84,2
DA:85,2
DA:86,2
DA:88,1
LF:71
LH:71
BRDA:25,0,0,3
BRDA:27,1,0,1
BRDA:36,2,0,2
BRDA:39,3,0,1
BRDA:44,4,0,1
BRDA:45,5,0,1
BRDA:46,6,0,1
BRDA:47,7,0,1
BRDA:48,8,0,0
BRDA:49,9,0,0
BRDA:52,10,0,1
BRDA:59,11,0,2
BRF:12
BRH:10
end_of_record
TN:
SF:src/routes/notification.ts
FNF:0
FNH:0
DA:1,1
DA:2,1
DA:3,1
DA:4,1
DA:6,1
DA:22,1
DA:24,1
DA:25,1
DA:26,1
DA:27,1
DA:28,1
DA:29,1
DA:32,1
DA:33,4
DA:34,4
DA:35,4
DA:36,1
DA:37,1
DA:40,1
DA:41,2
DA:42,2
DA:43,1
DA:44,1
DA:45,1
DA:46,2
DA:47,2
DA:48,2
DA:49,2
DA:52,1
DA:53,3
DA:54,3
DA:55,3
DA:56,3
DA:57,2
DA:58,2
DA:59,2
DA:62,1
DA:63,3
DA:64,3
DA:65,3
DA:66,3
DA:67,3
DA:68,3
DA:69,3
DA:70,3
DA:71,3
DA:73,1
LF:47
LH:47
BRDA:32,0,0,4
BRDA:34,1,0,0
BRDA:35,2,0,3
BRDA:35,3,0,1
BRDA:35,4,0,4
BRDA:40,5,0,2
BRDA:42,6,0,1
BRDA:52,7,0,3
BRDA:54,8,0,0
BRDA:56,9,0,2
BRDA:56,10,0,1
BRDA:55,11,0,4
BRDA:62,12,0,3
BRF:13
BRH:11
end_of_record
TN:
SF:src/tests/helpers.ts
FN:6,registerAndLogin
FNF:1
FNH:1
FNDA:8,registerAndLogin
DA:1,1
DA:6,8
DA:7,8
DA:8,8
DA:10,8
DA:11,8
DA:12,8
DA:13,8
DA:15,8
DA:16,8
DA:17,8
DA:18,8
DA:20,8
DA:21,8
LF:14
LH:14
BRDA:6,0,0,8
BRF:1
BRH:1
end_of_record
